<?xml version="1.0" encoding="UTF-8"?>
<!-- Generated by org.testng.reporters.JUnitXMLReporter -->
<testsuite ignored="0" hostname="DESKTOP-JD8PE8O" failures="1" tests="2" name="Command line test" time="42.056" errors="0" timestamp="2020-05-21T21:46:31 AEST">
  <testcase classname="Tests.LoginPageTest" name="loginTestWithCorrectCredentials" time="17.854"/>
  <testcase classname="Tests.LoginPageTest" name="loginTestWithIncorrectCredentials" time="12.287">
    <failure type="java.lang.AssertionError" message="expected [true] but found [false]">
      <![CDATA[java.lang.AssertionError: expected [true] but found [false]
at Tests.LoginPageTest.loginTestWithIncorrectCredentials(LoginPageTest.java:135)
at java.base/java.util.ArrayList.forEach(ArrayList.java:1540)
... Removed 40 stack frames]]>
    </failure>
  </testcase> <!-- loginTestWithIncorrectCredentials -->
</testsuite> <!-- Command line test -->
