<?xml version="1.0" encoding="UTF-8" ?>
<testsuite tests="2" failures="1" name="Tests.LoginPageTest" time="30.137" errors="0" skipped="0">
  <properties>
[...]
</properties>
  <testcase classname="Tests.LoginPageTest" name="loginTestWithCorrectCredentials" time="17.854"/>
  <testcase classname="Tests.LoginPageTest" name="loginTestWithIncorrectCredentials" time="12.283">
    <failure message="expected [true] but found [false]" type="java.lang.AssertionError">java.lang.AssertionError: expected [true] but found [false]
	at org.testng.Assert.fail(Assert.java:97)
	at org.testng.Assert.failNotEquals(Assert.java:969)
	at org.testng.Assert.assertTrue(Assert.java:43)
	at org.testng.Assert.assertTrue(Assert.java:53)
	at Tests.LoginPageTest.loginTestWithIncorrectCredentials(LoginPageTest.java:135)
</failure>
    <system-err>Starting ChromeDriver 83.0.4103.39 (ccbf011cb2d2b19b506d844400483861342c20cd-refs/branch-heads/4103@{#416}) on port 38942
Only local connections are allowed.
Please see https://chromedriver.chromium.org/security-considerations for suggestions on keeping ChromeDriver safe.
ChromeDriver was started successfully.
May 21, 2020 9:46:17 PM org.openqa.selenium.remote.ProtocolHandshake createSession
INFO: Detected dialect: W3C
</system-err>
  </testcase>
</testsuite>